<?xml version="1.0" encoding="UTF-8"?>
<!-- Generated by org.testng.reporters.JUnitReportReporter -->
<testsuite hostname="DESKTOP-QEMQ75J" failures="0" tests="3" name="Testng.logintestng" time="19.070" errors="0" timestamp="2023-03-13T14:33:23 IST" skipped="0">
  <testcase classname="Testng.logintestng" name="login" time="17.698"/>
  <system-out/>
  <testcase classname="Testng.logintestng" name="action" time="0.212"/>
  <system-out/>
  <testcase classname="Testng.logintestng" name="close" time="1.160"/>
  <system-out/>
</testsuite> <!-- Testng.logintestng -->
