<?xml version="1.0" encoding="UTF-8"?>
<!-- Generated by org.testng.reporters.JUnitReportReporter -->
<testsuite hostname="DESKTOP-QEMQ75J" failures="0" tests="2" name="Testng.methods" time="0.031" errors="0" timestamp="2023-03-12T17:56:49 IST" skipped="0">
  <testcase classname="Testng.methods" name="search" time="0.020"/>
  <system-out/>
  <testcase classname="Testng.methods" name="multi" time="0.011"/>
  <system-out/>
</testsuite> <!-- Testng.methods -->
