<?xml version="1.0" encoding="UTF-8"?>
<!-- Generated by org.testng.reporters.JUnitReportReporter -->
<testsuite hostname="DESKTOP-QEMQ75J" failures="0" tests="2" name="Testng.testing" time="0.013" errors="0" timestamp="2023-03-09T10:45:22 IST" skipped="0">
  <testcase classname="Testng.testing" name="end" time="0.009"/>
  <system-out/>
  <testcase classname="Testng.testing" name="f" time="0.004"/>
  <system-out/>
</testsuite> <!-- Testng.testing -->
