<?xml version="1.0" encoding="UTF-8"?>
<!-- Generated by org.testng.reporters.JUnitReportReporter -->
<testsuite hostname="DESKTOP-QEMQ75J" failures="0" tests="3" name="Testng.example1" time="0.014" errors="0" timestamp="2023-03-10T11:50:21 IST" skipped="0">
  <testcase classname="Testng.example1" name="admin" time="0.012"/>
  <system-out/>
  <testcase classname="Testng.example1" name="disp" time="0.001"/>
  <system-out/>
  <testcase classname="Testng.example1" name="f" time="0.001"/>
  <system-out/>
</testsuite> <!-- Testng.example1 -->
