<?xml version="1.0" encoding="UTF-8"?>
<!-- Generated by org.testng.reporters.JUnitReportReporter -->
<testsuite hostname="DESKTOP-QEMQ75J" failures="0" tests="2" name="Testng35.class1" time="0.012" errors="0" timestamp="2023-03-12T18:33:35 IST" skipped="0">
  <testcase classname="Testng35.class1" name="login" time="0.002"/>
  <system-out/>
  <testcase classname="Testng35.class1" name="login" time="0.010"/>
  <system-out/>
</testsuite> <!-- Testng35.class1 -->
