<?xml version="1.0" encoding="UTF-8"?>
<!-- Generated by org.testng.reporters.JUnitReportReporter -->
<testsuite hostname="DESKTOP-QEMQ75J" failures="0" tests="2" name="Testng.beforeclass" time="0.019" errors="0" timestamp="2023-03-12T18:01:16 IST" skipped="0">
  <testcase classname="Testng.beforeclass" name="search" time="0.018"/>
  <system-out/>
  <testcase classname="Testng.beforeclass" name="multi" time="0.001"/>
  <system-out/>
</testsuite> <!-- Testng.beforeclass -->
