<?xml version="1.0" encoding="UTF-8"?>
<!-- Generated by org.testng.reporters.JUnitReportReporter -->
<testsuite hostname="DESKTOP-QEMQ75J" failures="0" tests="2" name="Testng35.class2" time="0.002" errors="0" timestamp="2023-03-12T18:33:35 IST" skipped="0">
  <testcase classname="Testng35.class2" name="logout" time="0.001"/>
  <system-out/>
  <testcase classname="Testng35.class2" name="logout" time="0.001"/>
  <system-out/>
</testsuite> <!-- Testng35.class2 -->
